# JRE version: OpenJDK Runtime Environment (17.0.7) (build 17.0.7+0-b2043.56-10550314)
# Java VM: OpenJDK 64-Bit Server VM (17.0.7+0-b2043.56-10550314, mixed mode, tiered, compressed oops, compressed class ptrs, g1 gc, windows-amd64)
GC Precious Log:
 CPUs: 8 total, 8 available
 Memory: 16149M
 Large Page Support: Disabled
 NUMA Support: Disabled
 Compressed Oops: Enabled (32-bit)
 Heap Region Size: 1M
 Heap Min Capacity: 8M
 Heap Initial Capacity: 254M
 Heap Max Capacity: 2G
 Pre-touch: Disabled
 Parallel Workers: 8
 Concurrent Workers: 2
 Concurrent Refinement Workers: 8
 Periodic GC: Disabled
Heap:
 garbage-first heap   total 92160K, used 67290K [0x0000000080000000, 0x0000000100000000)
  region size 1024K, 18 young (18432K), 1 survivors (1024K)
 Metaspace       used 62602K, committed 63232K, reserved 1114112K
  class space    used 8360K, committed 8640K, reserved 1048576K
GC Heap History (20 events):
Event: 7.283 GC heap before
{Heap before GC invocations=11 (full 0):
 garbage-first heap   total 68608K, used 52287K [0x0000000080000000, 0x0000000100000000)
  region size 1024K, 24 young (24576K), 3 survivors (3072K)
 Metaspace       used 44504K, committed 44864K, reserved 1114112K
  class space    used 5882K, committed 6016K, reserved 1048576K
}
Event: 7.288 GC heap after
{Heap after GC invocations=12 (full 0):
 garbage-first heap   total 82944K, used 33055K [0x0000000080000000, 0x0000000100000000)
  region size 1024K, 3 young (3072K), 3 survivors (3072K)
 Metaspace       used 44504K, committed 44864K, reserved 1114112K
  class space    used 5882K, committed 6016K, reserved 1048576K
}
Event: 7.978 GC heap before
{Heap before GC invocations=12 (full 0):
 garbage-first heap   total 82944K, used 62751K [0x0000000080000000, 0x0000000100000000)
  region size 1024K, 31 young (31744K), 3 survivors (3072K)
 Metaspace       used 48608K, committed 49024K, reserved 1114112K
  class space    used 6448K, committed 6592K, reserved 1048576K
}
Event: 7.983 GC heap after
{Heap after GC invocations=13 (full 0):
 garbage-first heap   total 82944K, used 34556K [0x0000000080000000, 0x0000000100000000)
  region size 1024K, 2 young (2048K), 2 survivors (2048K)
 Metaspace       used 48608K, committed 49024K, reserved 1114112K
  class space    used 6448K, committed 6592K, reserved 1048576K
}
Event: 8.528 GC heap before
{Heap before GC invocations=13 (full 0):
 garbage-first heap   total 82944K, used 64252K [0x0000000080000000, 0x0000000100000000)
  region size 1024K, 31 young (31744K), 2 survivors (2048K)
 Metaspace       used 51864K, committed 52352K, reserved 1114112K
  class space    used 6929K, committed 7168K, reserved 1048576K
}
Event: 8.533 GC heap after
{Heap after GC invocations=14 (full 0):
 garbage-first heap   total 82944K, used 35929K [0x0000000080000000, 0x0000000100000000)
  region size 1024K, 3 young (3072K), 3 survivors (3072K)
 Metaspace       used 51864K, committed 52352K, reserved 1114112K
  class space    used 6929K, committed 7168K, reserved 1048576K
}
Event: 9.095 GC heap before
{Heap before GC invocations=14 (full 0):
 garbage-first heap   total 82944K, used 63577K [0x0000000080000000, 0x0000000100000000)
  region size 1024K, 29 young (29696K), 3 survivors (3072K)
 Metaspace       used 52860K, committed 53312K, reserved 1114112K
  class space    used 7030K, committed 7232K, reserved 1048576K
}
Event: 9.103 GC heap after
{Heap after GC invocations=15 (full 0):
 garbage-first heap   total 82944K, used 44712K [0x0000000080000000, 0x0000000100000000)
  region size 1024K, 4 young (4096K), 4 survivors (4096K)
 Metaspace       used 52860K, committed 53312K, reserved 1114112K
  class space    used 7030K, committed 7232K, reserved 1048576K
}
Event: 9.305 GC heap before
{Heap before GC invocations=16 (full 0):
 garbage-first heap   total 83968K, used 60072K [0x0000000080000000, 0x0000000100000000)
  region size 1024K, 19 young (19456K), 4 survivors (4096K)
 Metaspace       used 53773K, committed 54208K, reserved 1114112K
  class space    used 7142K, committed 7360K, reserved 1048576K
}
Event: 9.309 GC heap after
{Heap after GC invocations=17 (full 0):
 garbage-first heap   total 83968K, used 48632K [0x0000000080000000, 0x0000000100000000)
  region size 1024K, 3 young (3072K), 3 survivors (3072K)
 Metaspace       used 53773K, committed 54208K, reserved 1114112K
  class space    used 7142K, committed 7360K, reserved 1048576K
}
Event: 9.609 GC heap before
{Heap before GC invocations=18 (full 0):
 garbage-first heap   total 91136K, used 65016K [0x0000000080000000, 0x0000000100000000)
  region size 1024K, 18 young (18432K), 3 survivors (3072K)
 Metaspace       used 55089K, committed 55616K, reserved 1114112K
  class space    used 7358K, committed 7616K, reserved 1048576K
}
Event: 9.610 GC heap after
{Heap after GC invocations=19 (full 0):
 garbage-first heap   total 91136K, used 50319K [0x0000000080000000, 0x0000000100000000)
  region size 1024K, 1 young (1024K), 1 survivors (1024K)
 Metaspace       used 55089K, committed 55616K, reserved 1114112K
  class space    used 7358K, committed 7616K, reserved 1048576K
}
Event: 9.657 GC heap before
{Heap before GC invocations=19 (full 0):
 garbage-first heap   total 91136K, used 52367K [0x0000000080000000, 0x0000000100000000)
  region size 1024K, 4 young (4096K), 1 survivors (1024K)
 Metaspace       used 55368K, committed 55808K, reserved 1114112K
  class space    used 7398K, committed 7616K, reserved 1048576K
}
Event: 9.660 GC heap after
{Heap after GC invocations=20 (full 0):
 garbage-first heap   total 91136K, used 49919K [0x0000000080000000, 0x0000000100000000)
  region size 1024K, 1 young (1024K), 1 survivors (1024K)
 Metaspace       used 55368K, committed 55808K, reserved 1114112K
  class space    used 7398K, committed 7616K, reserved 1048576K
}
Event: 9.979 GC heap before
{Heap before GC invocations=20 (full 0):
 garbage-first heap   total 91136K, used 68351K [0x0000000080000000, 0x0000000100000000)
  region size 1024K, 20 young (20480K), 1 survivors (1024K)
 Metaspace       used 57438K, committed 57920K, reserved 1114112K
  class space    used 7645K, committed 7872K, reserved 1048576K
}
Event: 9.981 GC heap after
{Heap after GC invocations=21 (full 0):
 garbage-first heap   total 91136K, used 50379K [0x0000000080000000, 0x0000000100000000)
  region size 1024K, 1 young (1024K), 1 survivors (1024K)
 Metaspace       used 57438K, committed 57920K, reserved 1114112K
  class space    used 7645K, committed 7872K, reserved 1048576K
}
Event: 10.330 GC heap before
{Heap before GC invocations=22 (full 0):
 garbage-first heap   total 92160K, used 70859K [0x0000000080000000, 0x0000000100000000)
  region size 1024K, 21 young (21504K), 1 survivors (1024K)
 Metaspace       used 59715K, committed 60160K, reserved 1114112K
  class space    used 7931K, committed 8128K, reserved 1048576K
}
Event: 10.333 GC heap after
{Heap after GC invocations=23 (full 0):
 garbage-first heap   total 92160K, used 50837K [0x0000000080000000, 0x0000000100000000)
  region size 1024K, 2 young (2048K), 2 survivors (2048K)
 Metaspace       used 59715K, committed 60160K, reserved 1114112K
  class space    used 7931K, committed 8128K, reserved 1048576K
}
Event: 10.381 GC heap before
{Heap before GC invocations=23 (full 0):
 garbage-first heap   total 92160K, used 52885K [0x0000000080000000, 0x0000000100000000)
  region size 1024K, 4 young (4096K), 2 survivors (2048K)
 Metaspace       used 59933K, committed 60416K, reserved 1114112K
  class space    used 7959K, committed 8192K, reserved 1048576K
}
Event: 10.384 GC heap after
{Heap after GC invocations=24 (full 0):
 garbage-first heap   total 92160K, used 50906K [0x0000000080000000, 0x0000000100000000)
  region size 1024K, 1 young (1024K), 1 survivors (1024K)
 Metaspace       used 59933K, committed 60416K, reserved 1114112K
  class space    used 7959K, committed 8192K, reserved 1048576K
}

